{
  "uid" : "b0eb9a493cc62b77",
  "name" : "test_c",
  "fullName" : "test_a.Test1#test_c",
  "historyId" : "9def8b0efd7baa2665871196d4306c53",
  "time" : {
    "start" : 1602494373751,
    "stop" : 1602494373751,
    "duration" : 0
  },
  "status" : "failed",
  "statusMessage" : "AssertionError: assert 2 == 1\n  +2\n  -1",
  "statusTrace" : "self = <test_a.Test1 object at 0x045065B0>\n\n    @pytest.mark.flaky(reruns=5, reruns_delay=2)\n    def test_c(self):\n>       assert 2==1\nE       assert 2 == 1\nE         +2\nE         -1\n\ntest_a.py:21: AssertionError",
  "flaky" : false,
  "newFailed" : false,
  "beforeStages" : [ {
    "name" : "fix_3",
    "time" : {
      "start" : 1602494373750,
      "stop" : 1602494373750,
      "duration" : 0
    },
    "status" : "passed",
    "steps" : [ ],
    "attachments" : [ ],
    "parameters" : [ ],
    "shouldDisplayMessage" : false,
    "attachmentsCount" : 0,
    "stepsCount" : 0,
    "hasContent" : false
  }, {
    "name" : "fix_0",
    "time" : {
      "start" : 1602494373750,
      "stop" : 1602494373750,
      "duration" : 0
    },
    "status" : "passed",
    "steps" : [ ],
    "attachments" : [ ],
    "parameters" : [ ],
    "shouldDisplayMessage" : false,
    "attachmentsCount" : 0,
    "stepsCount" : 0,
    "hasContent" : false
  }, {
    "name" : "_session_faker",
    "time" : {
      "start" : 1602494373588,
      "stop" : 1602494373750,
      "duration" : 162
    },
    "status" : "passed",
    "steps" : [ ],
    "attachments" : [ ],
    "parameters" : [ ],
    "shouldDisplayMessage" : false,
    "attachmentsCount" : 0,
    "stepsCount" : 0,
    "hasContent" : false
  }, {
    "name" : "fix_1",
    "time" : {
      "start" : 1602494373750,
      "stop" : 1602494373750,
      "duration" : 0
    },
    "status" : "passed",
    "steps" : [ ],
    "attachments" : [ ],
    "parameters" : [ ],
    "shouldDisplayMessage" : false,
    "attachmentsCount" : 0,
    "stepsCount" : 0,
    "hasContent" : false
  }, {
    "name" : "cmdopt",
    "time" : {
      "start" : 1602494373750,
      "stop" : 1602494373750,
      "duration" : 0
    },
    "status" : "passed",
    "steps" : [ ],
    "attachments" : [ ],
    "parameters" : [ ],
    "shouldDisplayMessage" : false,
    "attachmentsCount" : 0,
    "stepsCount" : 0,
    "hasContent" : false
  } ],
  "afterStages" : [ {
    "name" : "cmdopt::0",
    "time" : {
      "start" : 1602494373763,
      "stop" : 1602494373763,
      "duration" : 0
    },
    "status" : "passed",
    "steps" : [ ],
    "attachments" : [ ],
    "parameters" : [ ],
    "shouldDisplayMessage" : false,
    "attachmentsCount" : 0,
    "stepsCount" : 0,
    "hasContent" : false
  } ],
  "labels" : [ {
    "name" : "suite",
    "value" : "test_a"
  }, {
    "name" : "subSuite",
    "value" : "Test1"
  }, {
    "name" : "host",
    "value" : "LAPTOP-RVJBHD5J"
  }, {
    "name" : "thread",
    "value" : "27356-MainThread"
  }, {
    "name" : "framework",
    "value" : "pytest"
  }, {
    "name" : "language",
    "value" : "cpython3"
  }, {
    "name" : "package",
    "value" : "test_a"
  }, {
    "name" : "resultFormat",
    "value" : "allure2"
  } ],
  "parameters" : [ ],
  "links" : [ ],
  "hidden" : false,
  "retry" : false,
  "extra" : {
    "severity" : "normal",
    "retries" : [ {
      "uid" : "dbc3ad5ccb7677dd",
      "status" : "failed",
      "statusDetails" : "AssertionError: assert 2 == 1\n  +2\n  -1",
      "time" : {
        "start" : 1602494371569,
        "stop" : 1602494371569,
        "duration" : 0
      }
    }, {
      "uid" : "45e83cf44341c811",
      "status" : "failed",
      "statusDetails" : "AssertionError: assert 2 == 1\n  +2\n  -1",
      "time" : {
        "start" : 1602494369380,
        "stop" : 1602494369380,
        "duration" : 0
      }
    }, {
      "uid" : "3e713dd2c3cd9179",
      "status" : "failed",
      "statusDetails" : "AssertionError: assert 2 == 1\n  +2\n  -1",
      "time" : {
        "start" : 1602494367203,
        "stop" : 1602494367203,
        "duration" : 0
      }
    }, {
      "uid" : "9b47cd18d1c607a1",
      "status" : "failed",
      "statusDetails" : "AssertionError: assert 2 == 1\n  +2\n  -1",
      "time" : {
        "start" : 1602494365006,
        "stop" : 1602494365006,
        "duration" : 0
      }
    }, {
      "uid" : "387f83b271b2081e",
      "status" : "failed",
      "statusDetails" : "AssertionError: assert 2 == 1\n  +2\n  -1",
      "time" : {
        "start" : 1602494362704,
        "stop" : 1602494362704,
        "duration" : 0
      }
    } ],
    "categories" : [ {
      "name" : "Product defects",
      "matchedStatuses" : [ ],
      "flaky" : false
    } ],
    "tags" : [ ]
  },
  "source" : "b0eb9a493cc62b77.json",
  "parameterValues" : [ ]
}